0
0 4
1 13
0
0
3 31
0
0
2 22
3 31
3 31
0
0
3 31
0
0
2 22
0
0
2 22
0
0
1 13
2 22
0
0
0 4
0
0
1 13
0
0
1 13
0
0
2 22
0
0
1 13
0 4
0
0
2 22
3 31
3 31
4 40
4 40
1 13
2 22
4 40
3 31
{u'gameover': False, u'last_discards': [[u'9', u'c', 9]], u'hand': [[u'Q', u's', 12], [u'J', u'c', 11], [u'T', u's', 10], [u'2', u'd', 2], [u'A', u'h', 1]], u'roundover': False}
{u'name': u'K', u'ai': False, u'pid': 0, u'hand': [[u'Q', u'c', 12], [u'T', u's', 10], [u'5', u'd', 5], [u'4', u'c', 4], [u'3', u'h', 3]], u'score': 0, u'is_turn': True}
3 31
{u'name': u'Player 1', u'ai': True, u'pid': 1, u'hand': [[u'J', u'h', 11], [u'T', u'h', 10], [u'7', u'd', 7], [u'4', u'd', 4], [u'2', u'd', 2]], u'score': 0, u'is_turn': True}
{u'name': u'Player 2', u'ai': True, u'pid': 2, u'hand': [[u'Q', u'd', 12], [u'J', u'd', 11], [u'9', u'c', 9], [u'8', u'd', 8], [u'4', u's', 4]], u'score': 0, u'is_turn': True}
{u'name': u'Player 3', u'ai': True, u'pid': 3, u'hand': [[u'Q', u's', 12], [u'J', u's', 11], [u'7', u'c', 7], [u'4', u'h', 4], [u'3', u's', 3]], u'score': 0, u'is_turn': True}
{u'name': u'K', u'ai': False, u'pid': 0, u'hand': [[u'Q', u'c', 12], [u'T', u's', 10], [u'7', u'h', 7], [u'5', u'd', 5], [u'3', u'h', 3]], u'score': 0, u'is_turn': True}
3 31
{u'name': u'Player 1', u'ai': True, u'pid': 1, u'hand': [[u'T', u'h', 10], [u'7', u'd', 7], [u'4', u'd', 4], [u'2', u's', 2], [u'2', u'd', 2]], u'score': 0, u'is_turn': True}
{u'name': u'Player 2', u'ai': True, u'pid': 2, u'hand': [[u'J', u'd', 11], [u'9', u'c', 9], [u'8', u'd', 8], [u'4', u's', 4], [u'3', u'd', 3]], u'score': 0, u'is_turn': True}
{u'name': u'Player 3', u'ai': True, u'pid': 3, u'hand': [[u'J', u's', 11], [u'7', u'c', 7], [u'6', u'd', 6], [u'4', u'h', 4], [u'3', u's', 3]], u'score': 0, u'is_turn': True}
{u'name': u'K', u'ai': False, u'pid': 0, u'hand': [[u'Q', u'c', 12], [u'T', u's', 10], [u'7', u'h', 7], [u'3', u'h', 3], [u'A', u's', 1]], u'score': 0, u'is_turn': True}
