[Mon 03/30/2015 13:44:43] Players initialized
[Mon 03/30/2015 13:44:43] [{'name': u'K', 'ai': False, 'pid': 0, 'hand': [['K', 'c', 13], ['Q', 's', 12], ['9', 's', 9], ['5', 'd', 5], ['2', 's', 2]], 'score': 0, 'is_turn': False, 'server': <jsocket.jsocket_base.JsonServer object at 0x7fb586027e90>}, {'name': 'Player 1', 'ai': True, 'pid': 1, 'hand': [['T', 's', 10], ['9', 'c', 9], ['8', 'c', 8], ['8', 'h', 8], ['2', 'h', 2]], 'score': 0, 'is_turn': False}, {'name': 'Player 2', 'ai': True, 'pid': 2, 'hand': [['K', 'h', 13], ['J', 'd', 11], ['J', 's', 11], ['7', 's', 7], ['6', 's', 6]], 'score': 0, 'is_turn': False}, {'name': 'Player 3', 'ai': True, 'pid': 3, 'hand': [['K', 'd', 13], ['7', 'c', 7], ['6', 'c', 6], ['4', 'c', 4], ['3', 'h', 3]], 'score': 0, 'is_turn': False}]
[Mon 03/30/2015 13:44:43] {u'name': u'K', u'ai': False, u'pid': 0, u'hand': [[u'K', u'c', 13], [u'Q', u's', 12], [u'9', u's', 9], [u'5', u'd', 5], [u'2', u's', 2]], u'score': 0, u'is_turn': True}
[Mon 03/30/2015 13:45:47] Players initialized
[Mon 03/30/2015 13:45:47] [{'name': u'K', 'ai': False, 'pid': 0, 'hand': [['J', 'c', 11], ['T', 'd', 10], ['9', 'h', 9], ['7', 'h', 7], ['4', 's', 4]], 'score': 0, 'is_turn': False, 'server': <jsocket.jsocket_base.JsonServer object at 0x7f7ef21a7e90>}, {'name': 'Player 1', 'ai': True, 'pid': 1, 'hand': [['K', 's', 13], ['J', 'd', 11], ['5', 'd', 5], ['4', 'd', 4], ['A', 'd', 1]], 'score': 0, 'is_turn': False}, {'name': 'Player 2', 'ai': True, 'pid': 2, 'hand': [['K', 'd', 13], ['Q', 'c', 12], ['4', 'c', 4], ['3', 'd', 3], ['A', 'h', 1]], 'score': 0, 'is_turn': False}, {'name': 'Player 3', 'ai': True, 'pid': 3, 'hand': [['Q', 'h', 12], ['8', 'd', 8], ['8', 's', 8], ['5', 's', 5], ['5', 'c', 5]], 'score': 0, 'is_turn': False}]
[Mon 03/30/2015 13:45:47] {u'name': u'K', u'ai': False, u'pid': 0, u'hand': [[u'J', u'c', 11], [u'T', u'd', 10], [u'9', u'h', 9], [u'7', u'h', 7], [u'4', u's', 4]], u'score': 0, u'is_turn': True}
[Mon 03/30/2015 13:45:50] {u'name': u'Player 1', u'ai': True, u'pid': 1, u'hand': [[u'K', u's', 13], [u'J', u'd', 11], [u'5', u'd', 5], [u'4', u'd', 4], [u'A', u'd', 1]], u'score': 0, u'is_turn': True}
[Mon 03/30/2015 13:45:52] {u'name': u'Player 2', u'ai': True, u'pid': 2, u'hand': [[u'K', u'd', 13], [u'Q', u'c', 12], [u'4', u'c', 4], [u'3', u'd', 3], [u'A', u'h', 1]], u'score': 0, u'is_turn': True}
[Mon 03/30/2015 13:45:54] {u'name': u'Player 3', u'ai': True, u'pid': 3, u'hand': [[u'Q', u'h', 12], [u'8', u'd', 8], [u'8', u's', 8], [u'5', u's', 5], [u'5', u'c', 5]], u'score': 0, u'is_turn': True}
[Mon 03/30/2015 13:45:56] {u'name': u'K', u'ai': False, u'pid': 0, u'hand': [[u'J', u'c', 11], [u'T', u'd', 10], [u'7', u'h', 7], [u'4', u's', 4], [u'2', u's', 2]], u'score': 0, u'is_turn': True}
[Mon 03/30/2015 13:46:06] {u'name': u'Player 1', u'ai': True, u'pid': 1, u'hand': [[u'J', u'd', 11], [u'5', u'h', 5], [u'5', u'd', 5], [u'4', u'd', 4], [u'A', u'd', 1]], u'score': 0, u'is_turn': True}
[Mon 03/30/2015 13:46:08] {u'name': u'Player 2', u'ai': True, u'pid': 2, u'hand': [[u'Q', u'c', 12], [u'T', u'h', 10], [u'4', u'c', 4], [u'3', u'd', 3], [u'A', u'h', 1]], u'score': 0, u'is_turn': True}
[Mon 03/30/2015 13:46:10] {u'name': u'Player 3', u'ai': True, u'pid': 3, u'hand': [[u'8', u'd', 8], [u'8', u's', 8], [u'7', u'd', 7], [u'5', u's', 5], [u'5', u'c', 5]], u'score': 0, u'is_turn': True}
[Mon 03/30/2015 13:46:12] {u'name': u'K', u'ai': False, u'pid': 0, u'hand': [[u'J', u'c', 11], [u'T', u'c', 10], [u'T', u'd', 10], [u'7', u'h', 7], [u'2', u's', 2]], u'score': 0, u'is_turn': True}
[Mon 03/30/2015 13:46:16] {u'name': u'Player 1', u'ai': True, u'pid': 1, u'hand': [[u'K', u'h', 13], [u'5', u'h', 5], [u'5', u'd', 5], [u'4', u'd', 4], [u'A', u'd', 1]], u'score': 0, u'is_turn': True}
[Mon 03/30/2015 13:46:18] {u'name': u'Player 2', u'ai': True, u'pid': 2, u'hand': [[u'T', u'h', 10], [u'4', u'c', 4], [u'3', u'd', 3], [u'2', u'c', 2], [u'A', u'h', 1]], u'score': 0, u'is_turn': True}
[Mon 03/30/2015 13:46:20] {u'name': u'Player 3', u'ai': True, u'pid': 3, u'hand': [[u'8', u's', 8], [u'7', u'd', 7], [u'6', u'h', 6], [u'5', u's', 5], [u'5', u'c', 5]], u'score': 0, u'is_turn': True}
[Mon 03/30/2015 13:46:22] {u'name': u'K', u'ai': False, u'pid': 0, u'hand': [[u'J', u'h', 11], [u'J', u'c', 11], [u'7', u'h', 7], [u'2', u's', 2]], u'score': 0, u'is_turn': True}
[Mon 03/30/2015 14:01:28] Players initialized
[Mon 03/30/2015 14:01:28] [{'name': u'K', 'ai': False, 'pid': 0, 'hand': [['Q', 's', 12], ['9', 'd', 9], ['5', 's', 5], ['2', 's', 2], ['2', 'c', 2]], 'score': 0, 'is_turn': False, 'server': <jsocket.jsocket_base.JsonServer object at 0x7f4bbc91de90>}, {'name': 'Player 1', 'ai': True, 'pid': 1, 'hand': [['Q', 'd', 12], ['J', 'c', 11], ['5', 'd', 5], ['2', 'h', 2], ['A', 'd', 1]], 'score': 0, 'is_turn': False}, {'name': 'Player 2', 'ai': True, 'pid': 2, 'hand': [['K', 'c', 13], ['K', 's', 13], ['5', 'h', 5], ['4', 's', 4], ['3', 'h', 3]], 'score': 0, 'is_turn': False}, {'name': 'Player 3', 'ai': True, 'pid': 3, 'hand': [['J', 'd', 11], ['7', 's', 7], ['7', 'c', 7], ['6', 'c', 6], ['2', 'd', 2]], 'score': 0, 'is_turn': False}]
[Mon 03/30/2015 14:01:28] {u'name': u'K', u'ai': False, u'pid': 0, u'hand': [[u'Q', u's', 12], [u'9', u'd', 9], [u'5', u's', 5], [u'2', u's', 2], [u'2', u'c', 2]], u'score': 0, u'is_turn': True}
[Mon 03/30/2015 14:04:06] Players initialized
[Mon 03/30/2015 14:04:06] [{'name': u'K', 'ai': False, 'pid': 0, 'hand': [['9', 'h', 9], ['8', 'c', 8], ['7', 's', 7], ['6', 'h', 6], ['4', 'c', 4]], 'score': 0, 'is_turn': False, 'server': <jsocket.jsocket_base.JsonServer object at 0x7fad54381e90>}, {'name': 'Player 1', 'ai': True, 'pid': 1, 'hand': [['Q', 's', 12], ['9', 'd', 9], ['7', 'd', 7], ['7', 'h', 7], ['2', 'd', 2]], 'score': 0, 'is_turn': False}, {'name': 'Player 2', 'ai': True, 'pid': 2, 'hand': [['6', 'c', 6], ['5', 'd', 5], ['4', 'h', 4], ['3', 'h', 3], ['A', 's', 1]], 'score': 0, 'is_turn': False}, {'name': 'Player 3', 'ai': True, 'pid': 3, 'hand': [['Q', 'h', 12], ['9', 's', 9], ['8', 'd', 8], ['7', 'c', 7], ['5', 'c', 5]], 'score': 0, 'is_turn': False}]
[Mon 03/30/2015 14:04:06] {u'name': u'K', u'ai': False, u'pid': 0, u'hand': [[u'9', u'h', 9], [u'8', u'c', 8], [u'7', u's', 7], [u'6', u'h', 6], [u'4', u'c', 4]], u'score': 0, u'is_turn': True}
[Mon 03/30/2015 14:12:20] Players initialized
[Mon 03/30/2015 14:12:20] [{'name': u'K', 'ai': False, 'pid': 0, 'hand': [['J', 'c', 11], ['8', 'c', 8], ['7', 'h', 7], ['4', 's', 4], ['3', 'd', 3]], 'score': 0, 'is_turn': False, 'server': <jsocket.jsocket_base.JsonServer object at 0x7f100cf6fe90>}, {'name': 'Player 1', 'ai': True, 'pid': 1, 'hand': [['T', 'h', 10], ['9', 'h', 9], ['3', 'c', 3], ['3', 'h', 3], ['A', 'c', 1]], 'score': 0, 'is_turn': False}, {'name': 'Player 2', 'ai': True, 'pid': 2, 'hand': [['J', 's', 11], ['J', 'h', 11], ['9', 'c', 9], ['7', 'c', 7], ['2', 'c', 2]], 'score': 0, 'is_turn': False}, {'name': 'Player 3', 'ai': True, 'pid': 3, 'hand': [['K', 'h', 13], ['7', 'd', 7], ['6', 'c', 6], ['5', 'h', 5], ['4', 'h', 4]], 'score': 0, 'is_turn': False}]
[Mon 03/30/2015 14:12:20] {u'name': u'K', u'ai': False, u'pid': 0, u'hand': [[u'J', u'c', 11], [u'8', u'c', 8], [u'7', u'h', 7], [u'4', u's', 4], [u'3', u'd', 3]], u'score': 0, u'is_turn': True}
[Mon 03/30/2015 14:15:23] Players initialized
[Mon 03/30/2015 14:15:23] [{'name': u'K', 'ai': False, 'pid': 0, 'hand': [['Q', 'c', 12], ['Q', 'h', 12], ['8', 'h', 8], ['7', 's', 7], ['5', 'h', 5]], 'score': 0, 'is_turn': False, 'server': <jsocket.jsocket_base.JsonServer object at 0x7fb01c235e90>}, {'name': 'Player 1', 'ai': True, 'pid': 1, 'hand': [['J', 's', 11], ['T', 'c', 10], ['7', 'c', 7], ['6', 'h', 6], ['2', 's', 2]], 'score': 0, 'is_turn': False}, {'name': 'Player 2', 'ai': True, 'pid': 2, 'hand': [['K', 'c', 13], ['Q', 'd', 12], ['4', 'c', 4], ['2', 'd', 2], ['A', 'h', 1]], 'score': 0, 'is_turn': False}, {'name': 'Player 3', 'ai': True, 'pid': 3, 'hand': [['K', 'h', 13], ['9', 'd', 9], ['8', 'd', 8], ['2', 'h', 2], ['A', 'c', 1]], 'score': 0, 'is_turn': False}]
[Mon 03/30/2015 14:15:23] {u'name': u'K', u'ai': False, u'pid': 0, u'hand': [[u'Q', u'c', 12], [u'Q', u'h', 12], [u'8', u'h', 8], [u'7', u's', 7], [u'5', u'h', 5]], u'score': 0, u'is_turn': True}
[Mon 03/30/2015 14:15:53] Players initialized
[Mon 03/30/2015 14:15:53] [{'name': u'K', 'ai': False, 'pid': 0, 'hand': [['K', 'c', 13], ['Q', 'd', 12], ['T', 'h', 10], ['2', 'c', 2], ['2', 'h', 2]], 'score': 0, 'is_turn': False, 'server': <jsocket.jsocket_base.JsonServer object at 0x7f0f018c6e90>}, {'name': 'Player 1', 'ai': True, 'pid': 1, 'hand': [['K', 's', 13], ['7', 'h', 7], ['6', 'c', 6], ['4', 'h', 4], ['2', 's', 2]], 'score': 0, 'is_turn': False}, {'name': 'Player 2', 'ai': True, 'pid': 2, 'hand': [['6', 's', 6], ['6', 'd', 6], ['3', 's', 3], ['2', 'd', 2], ['A', 'c', 1]], 'score': 0, 'is_turn': False}, {'name': 'Player 3', 'ai': True, 'pid': 3, 'hand': [['J', 'c', 11], ['T', 's', 10], ['8', 'h', 8], ['5', 'h', 5], ['3', 'h', 3]], 'score': 0, 'is_turn': False}]
[Mon 03/30/2015 14:15:53] {u'name': u'K', u'ai': False, u'pid': 0, u'hand': [[u'K', u'c', 13], [u'Q', u'd', 12], [u'T', u'h', 10], [u'2', u'c', 2], [u'2', u'h', 2]], u'score': 0, u'is_turn': True}
[Mon 03/30/2015 14:17:25] Players initialized
[Mon 03/30/2015 14:17:25] [{'name': u'K', 'ai': False, 'pid': 0, 'hand': [['Q', 's', 12], ['9', 's', 9], ['6', 'h', 6], ['3', 's', 3], ['2', 'c', 2]], 'score': 0, 'is_turn': False, 'server': <jsocket.jsocket_base.JsonServer object at 0x7f2d14559e90>}, {'name': 'Player 1', 'ai': True, 'pid': 1, 'hand': [['T', 'h', 10], ['8', 'c', 8], ['5', 'c', 5], ['3', 'c', 3], ['A', 'h', 1]], 'score': 0, 'is_turn': False}, {'name': 'Player 2', 'ai': True, 'pid': 2, 'hand': [['K', 'd', 13], ['J', 'd', 11], ['T', 'c', 10], ['7', 'h', 7], ['A', 'c', 1]], 'score': 0, 'is_turn': False}, {'name': 'Player 3', 'ai': True, 'pid': 3, 'hand': [['Q', 'd', 12], ['9', 'c', 9], ['6', 'd', 6], ['6', 's', 6], ['5', 's', 5]], 'score': 0, 'is_turn': False}]
[Mon 03/30/2015 14:17:25] {u'name': u'K', u'ai': False, u'pid': 0, u'hand': [[u'Q', u's', 12], [u'9', u's', 9], [u'6', u'h', 6], [u'3', u's', 3], [u'2', u'c', 2]], u'score': 0, u'is_turn': True}
[Mon 03/30/2015 14:20:13] Players initialized
[Mon 03/30/2015 14:20:13] [{'name': u'k', 'ai': False, 'pid': 0, 'hand': [['K', 'd', 13], ['9', 'c', 9], ['6', 'd', 6], ['3', 's', 3], ['2', 's', 2]], 'score': 0, 'is_turn': False, 'server': <jsocket.jsocket_base.JsonServer object at 0x7f14aee78e90>}, {'name': 'Player 1', 'ai': True, 'pid': 1, 'hand': [['K', 'c', 13], ['J', 'h', 11], ['7', 'h', 7], ['5', 'c', 5], ['A', 'd', 1]], 'score': 0, 'is_turn': False}, {'name': 'Player 2', 'ai': True, 'pid': 2, 'hand': [['7', 'c', 7], ['7', 'd', 7], ['5', 'd', 5], ['4', 'c', 4], ['4', 's', 4]], 'score': 0, 'is_turn': False}, {'name': 'Player 3', 'ai': True, 'pid': 3, 'hand': [['Q', 'd', 12], ['Q', 'h', 12], ['T', 'h', 10], ['6', 'h', 6], ['5', 'h', 5]], 'score': 0, 'is_turn': False}]
[Mon 03/30/2015 14:20:13] {u'name': u'k', u'ai': False, u'pid': 0, u'hand': [[u'K', u'd', 13], [u'9', u'c', 9], [u'6', u'd', 6], [u'3', u's', 3], [u'2', u's', 2]], u'score': 0, u'is_turn': True}
[Mon 03/30/2015 14:32:31] Players initialized
[Mon 03/30/2015 14:32:31] [{'name': u'K', 'ai': False, 'pid': 0, 'hand': [['Q', 's', 12], ['J', 's', 11], ['6', 'h', 6], ['4', 'd', 4], ['A', 'c', 1]], 'score': 0, 'is_turn': False, 'server': <jsocket.jsocket_base.JsonServer object at 0x7fa212f99e90>}, {'name': 'Player 1', 'ai': True, 'pid': 1, 'hand': [['T', 'd', 10], ['7', 's', 7], ['7', 'd', 7], ['5', 'c', 5], ['3', 'd', 3]], 'score': 0, 'is_turn': False}, {'name': 'Player 2', 'ai': True, 'pid': 2, 'hand': [['K', 'c', 13], ['Q', 'h', 12], ['7', 'h', 7], ['3', 's', 3], ['A', 'h', 1]], 'score': 0, 'is_turn': False}, {'name': 'Player 3', 'ai': True, 'pid': 3, 'hand': [['9', 's', 9], ['7', 'c', 7], ['3', 'c', 3], ['2', 's', 2], ['A', 'd', 1]], 'score': 0, 'is_turn': False}]
[Mon 03/30/2015 14:32:31] {u'name': u'K', u'ai': False, u'pid': 0, u'hand': [[u'Q', u's', 12], [u'J', u's', 11], [u'6', u'h', 6], [u'4', u'd', 4], [u'A', u'c', 1]], u'score': 0, u'is_turn': True}
[Mon 03/30/2015 14:34:39] Players initialized
[Mon 03/30/2015 14:34:39] [{'name': u'K', 'ai': False, 'pid': 0, 'hand': [['K', 'd', 13], ['J', 's', 11], ['J', 'd', 11], ['9', 'c', 9], ['4', 'd', 4]], 'score': 0, 'is_turn': False, 'server': <jsocket.jsocket_base.JsonServer object at 0x7f868fccae90>}, {'name': 'Player 1', 'ai': True, 'pid': 1, 'hand': [['K', 'h', 13], ['T', 's', 10], ['7', 'h', 7], ['6', 'h', 6], ['2', 'd', 2]], 'score': 0, 'is_turn': False}, {'name': 'Player 2', 'ai': True, 'pid': 2, 'hand': [['Q', 'h', 12], ['T', 'd', 10], ['9', 's', 9], ['5', 's', 5], ['3', 'h', 3]], 'score': 0, 'is_turn': False}, {'name': 'Player 3', 'ai': True, 'pid': 3, 'hand': [['K', 'c', 13], ['Q', 'c', 12], ['J', 'h', 11], ['3', 's', 3], ['A', 'h', 1]], 'score': 0, 'is_turn': False}]
[Mon 03/30/2015 14:34:39] {u'name': u'K', u'ai': False, u'pid': 0, u'hand': [[u'K', u'd', 13], [u'J', u's', 11], [u'J', u'd', 11], [u'9', u'c', 9], [u'4', u'd', 4]], u'score': 0, u'is_turn': True}
[Mon 03/30/2015 14:35:59] Players initialized

[Mon 03/30/2015 14:35:59] [{'name': u'K', 'ai': False, 'pid': 0, 'hand': [['Q', 's', 12], ['7', 's', 7], ['5', 'h', 5], ['3', 'h', 3], ['2', 's', 2]], 'score': 0, 'is_turn': False, 'server': <jsocket.jsocket_base.JsonServer object at 0x7fb649163e90>}, {'name': 'Player 1', 'ai': True, 'pid': 1, 'hand': [['9', 's', 9], ['6', 'c', 6], ['3', 'c', 3], ['A', 'd', 1], ['A', 'c', 1]], 'score': 0, 'is_turn': False}, {'name': 'Player 2', 'ai': True, 'pid': 2, 'hand': [['J', 'h', 11], ['9', 'h', 9], ['8', 'd', 8], ['3', 's', 3], ['2', 'c', 2]], 'score': 0, 'is_turn': False}, {'name': 'Player 3', 'ai': True, 'pid': 3, 'hand': [['K', 'h', 13], ['Q', 'c', 12], ['Q', 'd', 12], ['7', 'd', 7], ['6', 'd', 6]], 'score': 0, 'is_turn': False}]

[Mon 03/30/2015 14:35:59] {u'name': u'K', u'ai': False, u'pid': 0, u'hand': [[u'Q', u's', 12], [u'7', u's', 7], [u'5', u'h', 5], [u'3', u'h', 3], [u'2', u's', 2]], u'score': 0, u'is_turn': True}

[Mon 03/30/2015 14:35:59] []

[Mon 03/30/2015 14:41:40] Players initialized

[Mon 03/30/2015 14:41:40] [{'name': u'K', 'ai': False, 'pid': 0, 'hand': [['Q', 'h', 12], ['7', 'd', 7], ['4', 'd', 4], ['3', 's', 3], ['2', 'c', 2]], 'score': 0, 'is_turn': False, 'server': <jsocket.jsocket_base.JsonServer object at 0x7f5bd82f9e90>}, {'name': 'Player 1', 'ai': True, 'pid': 1, 'hand': [['K', 's', 13], ['9', 's', 9], ['6', 's', 6], ['A', 'c', 1], ['A', 'h', 1]], 'score': 0, 'is_turn': False}, {'name': 'Player 2', 'ai': True, 'pid': 2, 'hand': [['K', 'c', 13], ['Q', 'd', 12], ['8', 'd', 8], ['3', 'h', 3], ['A', 's', 1]], 'score': 0, 'is_turn': False}, {'name': 'Player 3', 'ai': True, 'pid': 3, 'hand': [['K', 'd', 13], ['J', 'c', 11], ['9', 'h', 9], ['6', 'd', 6], ['4', 'c', 4]], 'score': 0, 'is_turn': False}]

[Mon 03/30/2015 14:41:40] {u'name': u'K', u'ai': False, u'pid': 0, u'hand': [[u'Q', u'h', 12], [u'7', u'd', 7], [u'4', u'd', 4], [u'3', u's', 3], [u'2', u'c', 2]], u'score': 0, u'is_turn': True}

[Mon 03/30/2015 14:42:08] Players initialized

[Mon 03/30/2015 14:42:08] [{'name': u'K', 'ai': False, 'pid': 0, 'hand': [['T', 'c', 10], ['9', 'h', 9], ['8', 'h', 8], ['7', 's', 7], ['7', 'c', 7]], 'score': 0, 'is_turn': False, 'server': <jsocket.jsocket_base.JsonServer object at 0x7ff3b1a3fe90>}, {'name': 'Player 1', 'ai': True, 'pid': 1, 'hand': [['K', 'd', 13], ['Q', 'c', 12], ['9', 'd', 9], ['4', 'c', 4], ['2', 'c', 2]], 'score': 0, 'is_turn': False}, {'name': 'Player 2', 'ai': True, 'pid': 2, 'hand': [['K', 'h', 13], ['J', 's', 11], ['9', 's', 9], ['5', 'c', 5], ['4', 'h', 4]], 'score': 0, 'is_turn': False}, {'name': 'Player 3', 'ai': True, 'pid': 3, 'hand': [['K', 'c', 13], ['Q', 's', 12], ['6', 'h', 6], ['4', 'd', 4], ['2', 'h', 2]], 'score': 0, 'is_turn': False}]

[Mon 03/30/2015 14:42:08] {u'name': u'K', u'ai': False, u'pid': 0, u'hand': [[u'T', u'c', 10], [u'9', u'h', 9], [u'8', u'h', 8], [u'7', u's', 7], [u'7', u'c', 7]], u'score': 0, u'is_turn': True}

[Mon 03/30/2015 14:42:08] []

[Mon 03/30/2015 14:43:29] Players initialized

[Mon 03/30/2015 14:43:29] [{'name': u'K', 'ai': False, 'pid': 0, 'hand': [['J', 'd', 11], ['9', 'c', 9], ['9', 's', 9], ['4', 'c', 4], ['A', 's', 1]], 'score': 0, 'is_turn': False, 'server': <jsocket.jsocket_base.JsonServer object at 0x7fc0be237e90>}, {'name': 'Player 1', 'ai': True, 'pid': 1, 'hand': [['8', 's', 8], ['6', 'h', 6], ['3', 'd', 3], ['3', 'h', 3], ['2', 'c', 2]], 'score': 0, 'is_turn': False}, {'name': 'Player 2', 'ai': True, 'pid': 2, 'hand': [['T', 'h', 10], ['7', 's', 7], ['5', 's', 5], ['5', 'h', 5], ['2', 'd', 2]], 'score': 0, 'is_turn': False}, {'name': 'Player 3', 'ai': True, 'pid': 3, 'hand': [['K', 'c', 13], ['K', 's', 13], ['J', 'h', 11], ['5', 'c', 5], ['2', 's', 2]], 'score': 0, 'is_turn': False}]

[Mon 03/30/2015 14:43:29] {u'name': u'K', u'ai': False, u'pid': 0, u'hand': [[u'J', u'd', 11], [u'9', u'c', 9], [u'9', u's', 9], [u'4', u'c', 4], [u'A', u's', 1]], u'score': 0, u'is_turn': True}

[Mon 03/30/2015 14:45:53] Players initialized

[Mon 03/30/2015 14:45:53] [{'name': u'Devin', 'ai': False, 'pid': 0, 'hand': [['Q', 'd', 12], ['8', 'c', 8], ['7', 'h', 7], ['3', 'd', 3], ['2', 'c', 2]], 'score': 0, 'is_turn': False, 'server': <jsocket.jsocket_base.JsonServer object at 0x7f0e4c985e90>}, {'name': 'Player 1', 'ai': True, 'pid': 1, 'hand': [['Q', 'c', 12], ['7', 'c', 7], ['6', 's', 6], ['4', 's', 4], ['2', 'h', 2]], 'score': 0, 'is_turn': False}, {'name': 'Player 2', 'ai': True, 'pid': 2, 'hand': [['T', 'd', 10], ['6', 'c', 6], ['5', 'd', 5], ['4', 'c', 4], ['3', 's', 3]], 'score': 0, 'is_turn': False}, {'name': 'Player 3', 'ai': True, 'pid': 3, 'hand': [['K', 'c', 13], ['J', 'h', 11], ['T', 's', 10], ['9', 'd', 9], ['A', 'h', 1]], 'score': 0, 'is_turn': False}]

[Mon 03/30/2015 14:45:53] {u'name': u'Devin', u'ai': False, u'pid': 0, u'hand': [[u'Q', u'd', 12], [u'8', u'c', 8], [u'7', u'h', 7], [u'3', u'd', 3], [u'2', u'c', 2]], u'score': 0, u'is_turn': True}

[Mon 03/30/2015 15:01:49] Players initialized

[Mon 03/30/2015 15:01:49] [{'name': u'k', 'ai': False, 'pid': 0, 'hand': [['Q', 'c', 12], ['J', 'c', 11], ['T', 'd', 10], ['9', 'd', 9], ['7', 'd', 7]], 'score': 0, 'is_turn': False, 'server': <jsocket.jsocket_base.JsonServer object at 0x7fdde5920e90>}, {'name': 'Player 1', 'ai': True, 'pid': 1, 'hand': [['5', 'c', 5], ['5', 'h', 5], ['4', 's', 4], ['4', 'd', 4], ['2', 'c', 2]], 'score': 0, 'is_turn': False}, {'name': 'Player 2', 'ai': True, 'pid': 2, 'hand': [['8', 's', 8], ['7', 'h', 7], ['6', 'h', 6], ['3', 'c', 3], ['3', 's', 3]], 'score': 0, 'is_turn': False}, {'name': 'Player 3', 'ai': True, 'pid': 3, 'hand': [['K', 'h', 13], ['T', 'h', 10], ['T', 'c', 10], ['8', 'c', 8], ['6', 'd', 6]], 'score': 0, 'is_turn': False}]

[Mon 03/30/2015 15:01:49] {u'name': u'k', u'ai': False, u'pid': 0, u'hand': [[u'Q', u'c', 12], [u'J', u'c', 11], [u'T', u'd', 10], [u'9', u'd', 9], [u'7', u'd', 7]], u'score': 0, u'is_turn': True}

[Tue 03/31/2015 10:48:21] Players initialized

[Tue 03/31/2015 10:48:21] [{'name': u'K', 'ai': False, 'pid': 0, 'hand': [['J', 's', 11], ['J', 'c', 11], ['8', 'c', 8], ['8', 'd', 8], ['7', 'c', 7]], 'score': 0, 'is_turn': False, 'server': <jsocket.jsocket_base.JsonServer object at 0x7fc03e92de90>}, {'name': 'Player 1', 'ai': True, 'pid': 1, 'hand': [['Q', 's', 12], ['T', 's', 10], ['7', 'h', 7], ['4', 'h', 4], ['A', 's', 1]], 'score': 0, 'is_turn': False}, {'name': 'Player 2', 'ai': True, 'pid': 2, 'hand': [['K', 's', 13], ['6', 'h', 6], ['5', 'd', 5], ['5', 'c', 5], ['A', 'd', 1]], 'score': 0, 'is_turn': False}, {'name': 'Player 3', 'ai': True, 'pid': 3, 'hand': [['K', 'd', 13], ['Q', 'c', 12], ['T', 'h', 10], ['9', 'h', 9], ['2', 'c', 2]], 'score': 0, 'is_turn': False}]

[Tue 03/31/2015 10:48:40] Players initialized

[Tue 03/31/2015 10:48:40] [{'name': u'K', 'ai': False, 'pid': 0, 'hand': [['Q', 's', 12], ['9', 'h', 9], ['8', 'c', 8], ['4', 'c', 4], ['4', 'h', 4]], 'score': 0, 'is_turn': False, 'server': <jsocket.jsocket_base.JsonServer object at 0x7fe6d6bfbe90>}, {'name': 'Player 1', 'ai': True, 'pid': 1, 'hand': [['K', 's', 13], ['8', 'h', 8], ['8', 's', 8], ['5', 'c', 5], ['2', 'h', 2]], 'score': 0, 'is_turn': False}, {'name': 'Player 2', 'ai': True, 'pid': 2, 'hand': [['J', 'd', 11], ['7', 'h', 7], ['7', 's', 7], ['6', 'c', 6], ['3', 'd', 3]], 'score': 0, 'is_turn': False}, {'name': 'Player 3', 'ai': True, 'pid': 3, 'hand': [['K', 'h', 13], ['T', 'h', 10], ['9', 'd', 9], ['5', 'h', 5], ['A', 'c', 1]], 'score': 0, 'is_turn': False}]

[Tue 03/31/2015 10:49:02] Players initialized

[Tue 03/31/2015 10:49:02] [{'name': u'K', 'ai': False, 'pid': 0, 'hand': [['8', 'c', 8], ['6', 's', 6], ['5', 's', 5], ['4', 's', 4], ['2', 'd', 2]], 'score': 0, 'is_turn': False, 'server': <jsocket.jsocket_base.JsonServer object at 0x7fe512550e90>}, {'name': 'Player 1', 'ai': True, 'pid': 1, 'hand': [['T', 'h', 10], ['9', 'c', 9], ['9', 'd', 9], ['5', 'h', 5], ['4', 'h', 4]], 'score': 0, 'is_turn': False}, {'name': 'Player 2', 'ai': True, 'pid': 2, 'hand': [['Q', 'd', 12], ['Q', 'h', 12], ['J', 'h', 11], ['9', 's', 9], ['6', 'h', 6]], 'score': 0, 'is_turn': False}, {'name': 'Player 3', 'ai': True, 'pid': 3, 'hand': [['T', 'c', 10], ['9', 'h', 9], ['7', 'h', 7], ['7', 's', 7], ['4', 'c', 4]], 'score': 0, 'is_turn': False}]

[Tue 03/31/2015 10:49:28] Players initialized

[Tue 03/31/2015 10:49:28] [{'name': u'K', 'ai': False, 'pid': 0, 'hand': [['Q', 'd', 12], ['8', 'd', 8], ['4', 'd', 4], ['3', 'c', 3], ['A', 's', 1]], 'score': 0, 'is_turn': False, 'server': <jsocket.jsocket_base.JsonServer object at 0x7f7c27bcfe90>}, {'name': 'Player 1', 'ai': True, 'pid': 1, 'hand': [['J', 'h', 11], ['9', 's', 9], ['9', 'c', 9], ['7', 'h', 7], ['A', 'c', 1]], 'score': 0, 'is_turn': False}, {'name': 'Player 2', 'ai': True, 'pid': 2, 'hand': [['Q', 'c', 12], ['Q', 's', 12], ['8', 'h', 8], ['5', 's', 5], ['2', 'h', 2]], 'score': 0, 'is_turn': False}, {'name': 'Player 3', 'ai': True, 'pid': 3, 'hand': [['J', 's', 11], ['T', 'c', 10], ['T', 'd', 10], ['7', 's', 7], ['4', 'c', 4]], 'score': 0, 'is_turn': False}]

[Tue 03/31/2015 10:50:10] Players initialized

[Tue 03/31/2015 10:50:10] [{'name': u'K', 'ai': False, 'pid': 0, 'hand': [['Q', 's', 12], ['T', 'h', 10], ['7', 'c', 7], ['7', 's', 7], ['4', 's', 4]], 'score': 0, 'is_turn': False, 'server': <jsocket.jsocket_base.JsonServer object at 0x7f6e66cd3e90>}, {'name': 'Player 1', 'ai': True, 'pid': 1, 'hand': [['K', 'c', 13], ['J', 'h', 11], ['T', 'd', 10], ['9', 'd', 9], ['3', 'd', 3]], 'score': 0, 'is_turn': False}, {'name': 'Player 2', 'ai': True, 'pid': 2, 'hand': [['6', 'h', 6], ['6', 'c', 6], ['5', 'h', 5], ['4', 'h', 4], ['A', 'd', 1]], 'score': 0, 'is_turn': False}, {'name': 'Player 3', 'ai': True, 'pid': 3, 'hand': [['9', 's', 9], ['8', 'h', 8], ['8', 'd', 8], ['8', 's', 8], ['5', 'c', 5]], 'score': 0, 'is_turn': False}]

[Tue 03/31/2015 10:50:28] Players initialized

[Tue 03/31/2015 10:50:28] [{'name': u'K', 'ai': False, 'pid': 0, 'hand': [['9', 'c', 9], ['9', 's', 9], ['8', 'c', 8], ['5', 'c', 5], ['A', 'h', 1]], 'score': 0, 'is_turn': False, 'server': <jsocket.jsocket_base.JsonServer object at 0x7fa110a21e90>}, {'name': 'Player 1', 'ai': True, 'pid': 1, 'hand': [['T', 'h', 10], ['9', 'h', 9], ['6', 'd', 6], ['5', 's', 5], ['2', 'd', 2]], 'score': 0, 'is_turn': False}, {'name': 'Player 2', 'ai': True, 'pid': 2, 'hand': [['K', 'h', 13], ['Q', 's', 12], ['J', 'd', 11], ['6', 's', 6], ['2', 'c', 2]], 'score': 0, 'is_turn': False}, {'name': 'Player 3', 'ai': True, 'pid': 3, 'hand': [['K', 'd', 13], ['9', 'd', 9], ['6', 'h', 6], ['4', 's', 4], ['A', 'd', 1]], 'score': 0, 'is_turn': False}]

[Tue 03/31/2015 10:50:59] Players initialized

[Tue 03/31/2015 10:50:59] [{'name': u'K', 'ai': False, 'pid': 0, 'hand': [['Q', 'h', 12], ['Q', 'c', 12], ['J', 's', 11], ['9', 'd', 9], ['8', 'c', 8]], 'score': 0, 'is_turn': False, 'server': <jsocket.jsocket_base.JsonServer object at 0x7f088308ee90>}, {'name': 'Player 1', 'ai': True, 'pid': 1, 'hand': [['Q', 'd', 12], ['J', 'h', 11], ['7', 'h', 7], ['5', 's', 5], ['A', 'c', 1]], 'score': 0, 'is_turn': False}, {'name': 'Player 2', 'ai': True, 'pid': 2, 'hand': [['K', 'c', 13], ['T', 'd', 10], ['T', 'h', 10], ['7', 'c', 7], ['2', 'd', 2]], 'score': 0, 'is_turn': False}, {'name': 'Player 3', 'ai': True, 'pid': 3, 'hand': [['J', 'd', 11], ['6', 'h', 6], ['5', 'h', 5], ['4', 'd', 4], ['3', 's', 3]], 'score': 0, 'is_turn': False}]

[Tue 03/31/2015 10:56:52] Players initialized

[Tue 03/31/2015 10:56:52] [{'name': u'K', 'ai': False, 'pid': 0, 'hand': [['K', 's', 13], ['Q', 'h', 12], ['4', 's', 4], ['3', 's', 3], ['A', 's', 1]], 'score': 0, 'is_turn': False, 'server': <jsocket.jsocket_base.JsonServer object at 0x7f4227cd0e90>}, {'name': 'Player 1', 'ai': True, 'pid': 1, 'hand': [['K', 'd', 13], ['J', 'h', 11], ['9', 's', 9], ['6', 's', 6], ['5', 'h', 5]], 'score': 0, 'is_turn': False}, {'name': 'Player 2', 'ai': True, 'pid': 2, 'hand': [['Q', 'd', 12], ['8', 'c', 8], ['7', 'd', 7], ['2', 's', 2], ['A', 'h', 1]], 'score': 0, 'is_turn': False}, {'name': 'Player 3', 'ai': True, 'pid': 3, 'hand': [['J', 's', 11], ['J', 'd', 11], ['8', 'h', 8], ['6', 'h', 6], ['A', 'c', 1]], 'score': 0, 'is_turn': False}]

[Tue 03/31/2015 10:56:52] {u'name': u'K', u'ai': False, u'pid': 0, u'hand': [[u'K', u's', 13], [u'Q', u'h', 12], [u'4', u's', 4], [u'3', u's', 3], [u'A', u's', 1]], u'score': 0, u'is_turn': True}

[Tue 03/31/2015 11:00:37] Players initialized

[Tue 03/31/2015 11:00:37] [{'name': u'K', 'ai': False, 'pid': 0, 'hand': [['Q', 'c', 12], ['Q', 's', 12], ['J', 's', 11], ['J', 'd', 11], ['7', 'd', 7]], 'score': 0, 'is_turn': False, 'server': <jsocket.jsocket_base.JsonServer object at 0x7fa87ce30e90>}, {'name': 'Player 1', 'ai': True, 'pid': 1, 'hand': [['6', 'd', 6], ['5', 'c', 5], ['4', 'c', 4], ['4', 's', 4], ['2', 'c', 2]], 'score': 0, 'is_turn': False}, {'name': 'Player 2', 'ai': True, 'pid': 2, 'hand': [['9', 'd', 9], ['8', 's', 8], ['6', 'h', 6], ['5', 'h', 5], ['3', 'h', 3]], 'score': 0, 'is_turn': False}, {'name': 'Player 3', 'ai': True, 'pid': 3, 'hand': [['T', 'd', 10], ['T', 'c', 10], ['8', 'd', 8], ['6', 'c', 6], ['3', 's', 3]], 'score': 0, 'is_turn': False}]

[Tue 03/31/2015 11:00:37] {u'name': u'K', u'ai': False, u'pid': 0, u'hand': [[u'Q', u'c', 12], [u'Q', u's', 12], [u'J', u's', 11], [u'J', u'd', 11], [u'7', u'd', 7]], u'score': 0, u'is_turn': True}

[Tue 03/31/2015 11:01:19] Players initialized

[Tue 03/31/2015 11:01:19] [{'name': u'K', 'ai': False, 'pid': 0, 'hand': [['K', 'h', 13], ['Q', 's', 12], ['T', 's', 10], ['8', 'c', 8], ['A', 'h', 1]], 'score': 0, 'is_turn': False, 'server': <jsocket.jsocket_base.JsonServer object at 0x7f0e72cd9e90>}, {'name': 'Player 1', 'ai': True, 'pid': 1, 'hand': [['Q', 'd', 12], ['T', 'c', 10], ['7', 's', 7], ['7', 'c', 7], ['6', 'h', 6]], 'score': 0, 'is_turn': False}, {'name': 'Player 2', 'ai': True, 'pid': 2, 'hand': [['9', 'h', 9], ['9', 'd', 9], ['7', 'd', 7], ['A', 'd', 1], ['A', 's', 1]], 'score': 0, 'is_turn': False}, {'name': 'Player 3', 'ai': True, 'pid': 3, 'hand': [['K', 's', 13], ['J', 'd', 11], ['J', 'h', 11], ['6', 'c', 6], ['3', 's', 3]], 'score': 0, 'is_turn': False}]

[Tue 03/31/2015 11:01:19] {u'name': u'K', u'ai': False, u'pid': 0, u'hand': [[u'K', u'h', 13], [u'Q', u's', 12], [u'T', u's', 10], [u'8', u'c', 8], [u'A', u'h', 1]], u'score': 0, u'is_turn': True}

[Tue 03/31/2015 11:04:28] Players initialized

[Tue 03/31/2015 11:04:28] [{'name': u'K', 'ai': False, 'pid': 0, 'hand': [['J', 'h', 11], ['T', 'h', 10], ['7', 'h', 7], ['4', 'h', 4], ['4', 'd', 4]], 'score': 0, 'is_turn': False, 'server': <jsocket.jsocket_base.JsonServer object at 0x7f5fd9a1be90>}, {'name': 'Player 1', 'ai': True, 'pid': 1, 'hand': [['K', 's', 13], ['K', 'c', 13], ['Q', 'c', 12], ['Q', 's', 12], ['8', 'h', 8]], 'score': 0, 'is_turn': False}, {'name': 'Player 2', 'ai': True, 'pid': 2, 'hand': [['8', 'c', 8], ['8', 's', 8], ['7', 'c', 7], ['3', 's', 3], ['3', 'h', 3]], 'score': 0, 'is_turn': False}, {'name': 'Player 3', 'ai': True, 'pid': 3, 'hand': [['J', 'd', 11], ['9', 'h', 9], ['5', 'h', 5], ['3', 'c', 3], ['2', 's', 2]], 'score': 0, 'is_turn': False}]

[Tue 03/31/2015 11:04:28] {u'name': u'K', u'ai': False, u'pid': 0, u'hand': [[u'J', u'h', 11], [u'T', u'h', 10], [u'7', u'h', 7], [u'4', u'h', 4], [u'4', u'd', 4]], u'score': 0, u'is_turn': True}

[Tue 03/31/2015 11:06:43] Players initialized

[Tue 03/31/2015 11:06:43] [{'name': u'K', 'ai': False, 'pid': 0, 'hand': [['J', 'c', 11], ['J', 'd', 11], ['9', 'c', 9], ['7', 'd', 7], ['A', 's', 1]], 'score': 0, 'is_turn': False, 'server': <jsocket.jsocket_base.JsonServer object at 0x7f6884728e90>}, {'name': 'Player 1', 'ai': True, 'pid': 1, 'hand': [['K', 'c', 13], ['J', 's', 11], ['7', 'h', 7], ['6', 'h', 6], ['5', 'h', 5]], 'score': 0, 'is_turn': False}, {'name': 'Player 2', 'ai': True, 'pid': 2, 'hand': [['Q', 'h', 12], ['9', 'h', 9], ['7', 'c', 7], ['3', 'd', 3], ['A', 'd', 1]], 'score': 0, 'is_turn': False}, {'name': 'Player 3', 'ai': True, 'pid': 3, 'hand': [['T', 'c', 10], ['8', 'h', 8], ['6', 's', 6], ['5', 'd', 5], ['3', 's', 3]], 'score': 0, 'is_turn': False}]

[Tue 03/31/2015 11:06:43] {u'name': u'K', u'ai': False, u'pid': 0, u'hand': [[u'J', u'c', 11], [u'J', u'd', 11], [u'9', u'c', 9], [u'7', u'd', 7], [u'A', u's', 1]], u'score': 0, u'is_turn': True}

[Tue 03/31/2015 11:07:23] Players initialized

[Tue 03/31/2015 11:07:23] [{'name': u'K', 'ai': False, 'pid': 0, 'hand': [['Q', 'c', 12], ['9', 'c', 9], ['8', 'd', 8], ['7', 'c', 7], ['3', 'h', 3]], 'score': 0, 'is_turn': False, 'server': <jsocket.jsocket_base.JsonServer object at 0x7f0a76c37e90>}, {'name': 'Player 1', 'ai': True, 'pid': 1, 'hand': [['J', 'h', 11], ['T', 'd', 10], ['4', 's', 4], ['3', 's', 3], ['3', 'd', 3]], 'score': 0, 'is_turn': False}, {'name': 'Player 2', 'ai': True, 'pid': 2, 'hand': [['Q', 's', 12], ['T', 's', 10], ['8', 'h', 8], ['6', 'h', 6], ['5', 's', 5]], 'score': 0, 'is_turn': False}, {'name': 'Player 3', 'ai': True, 'pid': 3, 'hand': [['J', 's', 11], ['7', 's', 7], ['6', 'c', 6], ['4', 'h', 4], ['2', 's', 2]], 'score': 0, 'is_turn': False}]

[Tue 03/31/2015 11:07:23] {u'name': u'K', u'ai': False, u'pid': 0, u'hand': [[u'Q', u'c', 12], [u'9', u'c', 9], [u'8', u'd', 8], [u'7', u'c', 7], [u'3', u'h', 3]], u'score': 0, u'is_turn': True}

[Tue 03/31/2015 11:07:29] {u'name': u'Player 1', u'ai': True, u'pid': 1, u'hand': [[u'J', u'h', 11], [u'T', u'd', 10], [u'4', u's', 4], [u'3', u's', 3], [u'3', u'd', 3]], u'score': 0, u'is_turn': True}

[Tue 03/31/2015 11:07:31] {u'name': u'Player 2', u'ai': True, u'pid': 2, u'hand': [[u'Q', u's', 12], [u'T', u's', 10], [u'8', u'h', 8], [u'6', u'h', 6], [u'5', u's', 5]], u'score': 0, u'is_turn': True}

[Tue 03/31/2015 11:07:33] {u'name': u'Player 3', u'ai': True, u'pid': 3, u'hand': [[u'J', u's', 11], [u'7', u's', 7], [u'6', u'c', 6], [u'4', u'h', 4], [u'2', u's', 2]], u'score': 0, u'is_turn': True}

[Tue 03/31/2015 11:07:35] {u'name': u'K', u'ai': False, u'pid': 0, u'hand': [[u'K', u'c', 13], [u'Q', u'c', 12], [u'9', u'c', 9], [u'7', u'c', 7], [u'3', u'h', 3]], u'score': 0, u'is_turn': True}

[Tue 03/31/2015 11:10:54] {u'name': u'Player 1', u'ai': True, u'pid': 1, u'hand': [[u'T', u'h', 10], [u'T', u'd', 10], [u'4', u's', 4], [u'3', u's', 3], [u'3', u'd', 3]], u'score': 0, u'is_turn': True}

[Tue 03/31/2015 11:10:56] {u'name': u'Player 2', u'ai': True, u'pid': 2, u'hand': [[u'T', u's', 10], [u'8', u'h', 8], [u'6', u'h', 6], [u'5', u'c', 5], [u'5', u's', 5]], u'score': 0, u'is_turn': True}

[Tue 03/31/2015 11:10:58] {u'name': u'Player 3', u'ai': True, u'pid': 3, u'hand': [[u'7', u'h', 7], [u'7', u's', 7], [u'6', u'c', 6], [u'4', u'h', 4], [u'2', u's', 2]], u'score': 0, u'is_turn': True}

[Tue 03/31/2015 11:11:00] {u'name': u'K', u'ai': False, u'pid': 0, u'hand': [[u'K', u'c', 13], [u'J', u's', 11], [u'9', u'c', 9], [u'7', u'c', 7], [u'3', u'h', 3]], u'score': 0, u'is_turn': True}

[Tue 03/31/2015 11:11:28] {u'name': u'Player 1', u'ai': True, u'pid': 1, u'hand': [[u'T', u'd', 10], [u'4', u'c', 4], [u'4', u's', 4], [u'3', u's', 3], [u'3', u'd', 3]], u'score': 0, u'is_turn': True}

[Tue 03/31/2015 11:11:30] {u'name': u'Player 2', u'ai': True, u'pid': 2, u'hand': [[u'8', u'h', 8], [u'6', u'h', 6], [u'5', u'c', 5], [u'5', u's', 5], [u'2', u'c', 2]], u'score': 0, u'is_turn': True}

[Tue 03/31/2015 11:11:32] {u'name': u'Player 3', u'ai': True, u'pid': 3, u'hand': [[u'7', u's', 7], [u'6', u'c', 6], [u'4', u'h', 4], [u'2', u's', 2], [u'A', u'h', 1]], u'score': 0, u'is_turn': True}

[Tue 03/31/2015 11:11:34] {u'name': u'K', u'ai': False, u'pid': 0, u'hand': [[u'J', u's', 11], [u'9', u'c', 9], [u'7', u'h', 7], [u'7', u'c', 7], [u'3', u'h', 3]], u'score': 0, u'is_turn': True}

[Tue 03/31/2015 11:11:50] {u'name': u'Player 1', u'ai': True, u'pid': 1, u'hand': [[u'4', u'c', 4], [u'4', u's', 4], [u'3', u's', 3], [u'3', u'd', 3], [u'A', u'c', 1]], u'score': 0, u'is_turn': True}

[Tue 03/31/2015 11:11:52] {u'name': u'Player 2', u'ai': True, u'pid': 2, u'hand': [[u'6', u'h', 6], [u'5', u'd', 5], [u'5', u'c', 5], [u'5', u's', 5], [u'2', u'c', 2]], u'score': 0, u'is_turn': True}

[Tue 03/31/2015 11:11:54] {u'name': u'Player 3', u'ai': True, u'pid': 3, u'hand': [[u'K', u'h', 13], [u'6', u'c', 6], [u'4', u'h', 4], [u'2', u's', 2], [u'A', u'h', 1]], u'score': 0, u'is_turn': True}

[Tue 03/31/2015 11:11:56] {u'name': u'K', u'ai': False, u'pid': 0, u'hand': [[u'9', u'c', 9], [u'7', u's', 7], [u'7', u'h', 7], [u'7', u'c', 7], [u'3', u'h', 3]], u'score': 0, u'is_turn': True}

[Tue 03/31/2015 11:12:29] {u'name': u'Player 1', u'ai': True, u'pid': 1, u'hand': [[u'K', u'd', 13], [u'4', u's', 4], [u'3', u's', 3], [u'3', u'd', 3], [u'A', u'c', 1]], u'score': 0, u'is_turn': True}

[Tue 03/31/2015 11:12:31] {u'name': u'Player 2', u'ai': True, u'pid': 2, u'hand': [[u'Q', u'd', 12], [u'5', u'd', 5], [u'5', u'c', 5], [u'5', u's', 5], [u'2', u'c', 2]], u'score': 0, u'is_turn': True}

[Tue 03/31/2015 11:12:33] {u'name': u'Player 3', u'ai': True, u'pid': 3, u'hand': [[u'Q', u'h', 12], [u'6', u'c', 6], [u'4', u'h', 4], [u'2', u's', 2], [u'A', u'h', 1]], u'score': 0, u'is_turn': True}

[Tue 03/31/2015 11:12:35] {u'name': u'K', u'ai': False, u'pid': 0, u'hand': [[u'9', u'c', 9], [u'3', u'h', 3], [u'A', u's', 1]], u'score': 0, u'is_turn': True}

[Tue 03/31/2015 11:23:07] Players initialized

[Tue 03/31/2015 11:23:07] [{'name': u'k', 'ai': False, 'pid': 0, 'hand': [['K', 'd', 13], ['T', 'h', 10], ['9', 'd', 9], ['3', 'd', 3], ['2', 's', 2]], 'score': 0, 'is_turn': False, 'server': <jsocket.jsocket_base.JsonServer object at 0x7f540ece2e90>}, {'name': 'Player 1', 'ai': True, 'pid': 1, 'hand': [['9', 'c', 9], ['5', 's', 5], ['5', 'h', 5], ['3', 'c', 3], ['3', 's', 3]], 'score': 0, 'is_turn': False}, {'name': 'Player 2', 'ai': True, 'pid': 2, 'hand': [['J', 'd', 11], ['4', 's', 4], ['3', 'h', 3], ['2', 'c', 2], ['2', 'd', 2]], 'score': 0, 'is_turn': False}, {'name': 'Player 3', 'ai': True, 'pid': 3, 'hand': [['J', 'h', 11], ['8', 'c', 8], ['7', 's', 7], ['6', 'h', 6], ['A', 's', 1]], 'score': 0, 'is_turn': False}]

[Tue 03/31/2015 11:23:07] {u'player': {u'name': u'k', u'ai': False, u'pid': 0, u'hand': [[u'K', u'd', 13], [u'T', u'h', 10], [u'9', u'd', 9], [u'3', u'd', 3], [u'2', u's', 2]], u'score': 0, u'is_turn': True}, u'last_discards': [[u'6', u'c', 6]]}

[Tue 03/31/2015 11:23:11] {u'player': {u'name': u'Player 1', u'ai': True, u'pid': 1, u'hand': [[u'9', u'c', 9], [u'5', u's', 5], [u'5', u'h', 5], [u'3', u'c', 3], [u'3', u's', 3]], u'score': 0, u'is_turn': True}, u'last_discards': [[u'T', u'h', 10]]}

[Tue 03/31/2015 11:23:13] {u'player': {u'name': u'Player 2', u'ai': True, u'pid': 2, u'hand': [[u'J', u'd', 11], [u'4', u's', 4], [u'3', u'h', 3], [u'2', u'c', 2], [u'2', u'd', 2]], u'score': 0, u'is_turn': True}, u'last_discards': [[u'9', u'c', 9]]}

[Tue 03/31/2015 11:23:15] {u'player': {u'name': u'Player 3', u'ai': True, u'pid': 3, u'hand': [[u'J', u'h', 11], [u'8', u'c', 8], [u'7', u's', 7], [u'6', u'h', 6], [u'A', u's', 1]], u'score': 0, u'is_turn': True}, u'last_discards': [[u'J', u'd', 11]]}

[Tue 03/31/2015 11:23:17] {u'player': {u'name': u'k', u'ai': False, u'pid': 0, u'hand': [[u'K', u'd', 13], [u'9', u'd', 9], [u'6', u'c', 6], [u'3', u'd', 3], [u'2', u's', 2]], u'score': 0, u'is_turn': True}, u'last_discards': [[u'J', u'h', 11]]}

[Tue 03/31/2015 11:29:38] Players initialized

[Tue 03/31/2015 11:29:38] [{'name': u'K', 'ai': False, 'pid': 0, 'hand': [['Q', 's', 12], ['7', 'c', 7], ['7', 'h', 7], ['A', 's', 1], ['A', 'd', 1]], 'score': 0, 'is_turn': False, 'server': <jsocket.jsocket_base.JsonServer object at 0x7fccb17bde90>}, {'name': 'Player 1', 'ai': True, 'pid': 1, 'hand': [['Q', 'c', 12], ['9', 'h', 9], ['6', 'd', 6], ['5', 'd', 5], ['2', 'c', 2]], 'score': 0, 'is_turn': False}, {'name': 'Player 2', 'ai': True, 'pid': 2, 'hand': [['8', 's', 8], ['6', 's', 6], ['6', 'h', 6], ['4', 'd', 4], ['A', 'c', 1]], 'score': 0, 'is_turn': False}, {'name': 'Player 3', 'ai': True, 'pid': 3, 'hand': [['K', 'h', 13], ['T', 'd', 10], ['8', 'h', 8], ['8', 'c', 8], ['3', 'h', 3]], 'score': 0, 'is_turn': False}]

[Tue 03/31/2015 11:29:38] {u'player': {u'name': u'K', u'ai': False, u'pid': 0, u'hand': [[u'Q', u's', 12], [u'7', u'c', 7], [u'7', u'h', 7], [u'A', u's', 1], [u'A', u'd', 1]], u'score': 0, u'is_turn': True}, u'last_discards': [[u'K', u'c', 13]]}

[Tue 03/31/2015 11:29:47] {u'player': {u'name': u'Player 1', u'ai': True, u'pid': 1, u'hand': [[u'Q', u'c', 12], [u'9', u'h', 9], [u'6', u'd', 6], [u'5', u'd', 5], [u'2', u'c', 2]], u'score': 0, u'is_turn': True}, u'last_discards': [[u'7', u'h', 7], [u'7', u'c', 7]]}

[Tue 03/31/2015 11:29:49] {u'player': {u'name': u'Player 2', u'ai': True, u'pid': 2, u'hand': [[u'8', u's', 8], [u'6', u's', 6], [u'6', u'h', 6], [u'4', u'd', 4], [u'A', u'c', 1]], u'score': 0, u'is_turn': True}, u'last_discards': [[u'Q', u'c', 12]]}

[Tue 03/31/2015 11:29:51] {u'player': {u'name': u'Player 3', u'ai': True, u'pid': 3, u'hand': [[u'K', u'h', 13], [u'T', u'd', 10], [u'8', u'h', 8], [u'8', u'c', 8], [u'3', u'h', 3]], u'score': 0, u'is_turn': True}, u'last_discards': [[u'8', u's', 8]]}

[Tue 03/31/2015 11:29:53] {u'player': {u'name': u'K', u'ai': False, u'pid': 0, u'hand': [[u'K', u'c', 13], [u'Q', u's', 12], [u'A', u's', 1], [u'A', u'd', 1]], u'score': 0, u'is_turn': True}, u'last_discards': [[u'K', u'h', 13]]}

[Tue 03/31/2015 11:31:39] Players initialized

[Tue 03/31/2015 11:31:39] [{'name': u'Kolin', 'ai': False, 'pid': 0, 'hand': [['Q', 'd', 12], ['J', 'c', 11], ['3', 's', 3], ['A', 'h', 1], ['A', 'c', 1]], 'score': 0, 'is_turn': False, 'server': <jsocket.jsocket_base.JsonServer object at 0x7fa5e20a9e90>}, {'name': 'Player 1', 'ai': True, 'pid': 1, 'hand': [['J', 'd', 11], ['7', 'd', 7], ['6', 'h', 6], ['6', 'd', 6], ['4', 'c', 4]], 'score': 0, 'is_turn': False}, {'name': 'Player 2', 'ai': True, 'pid': 2, 'hand': [['K', 'c', 13], ['T', 'c', 10], ['7', 'h', 7], ['7', 's', 7], ['4', 'd', 4]], 'score': 0, 'is_turn': False}, {'name': 'Player 3', 'ai': True, 'pid': 3, 'hand': [['8', 'd', 8], ['8', 'h', 8], ['2', 'c', 2], ['A', 's', 1], ['A', 'd', 1]], 'score': 0, 'is_turn': False}]

[Tue 03/31/2015 12:32:28] Players initialized

[Tue 03/31/2015 12:32:28] [{'name': u'KJP', 'ai': False, 'pid': 0, 'hand': [['K', 'c', 13], ['8', 'd', 8], ['8', 'c', 8], ['A', 'd', 1], ['A', 's', 1]], 'score': 0, 'is_turn': False, 'server': <jsocket.jsocket_base.JsonServer object at 0x7f596deb3e90>}, {'name': 'Player 1', 'ai': True, 'pid': 1, 'hand': [['K', 'h', 13], ['K', 's', 13], ['Q', 'c', 12], ['4', 's', 4], ['3', 's', 3]], 'score': 0, 'is_turn': False}, {'name': 'Player 2', 'ai': True, 'pid': 2, 'hand': [['T', 's', 10], ['9', 'd', 9], ['7', 'd', 7], ['5', 'c', 5], ['2', 'd', 2]], 'score': 0, 'is_turn': False}, {'name': 'Player 3', 'ai': True, 'pid': 3, 'hand': [['J', 's', 11], ['T', 'c', 10], ['T', 'd', 10], ['9', 's', 9], ['3', 'c', 3]], 'score': 0, 'is_turn': False}]

[Tue 03/31/2015 12:44:42] Players initialized

[Tue 03/31/2015 12:44:42] [{'name': u'KJP', 'ai': False, 'pid': 0, 'hand': [['K', 's', 13], ['J', 's', 11], ['5', 'h', 5], ['4', 's', 4], ['A', 'd', 1]], 'score': 0, 'is_turn': False, 'server': <jsocket.jsocket_base.JsonServer object at 0x7f3c7f650e90>}, {'name': 'Player 1', 'ai': True, 'pid': 1, 'hand': [['K', 'h', 13], ['J', 'd', 11], ['7', 'c', 7], ['6', 'c', 6], ['6', 's', 6]], 'score': 0, 'is_turn': False}, {'name': 'Player 2', 'ai': True, 'pid': 2, 'hand': [['K', 'd', 13], ['8', 'h', 8], ['4', 'c', 4], ['3', 'h', 3], ['3', 'd', 3]], 'score': 0, 'is_turn': False}, {'name': 'Player 3', 'ai': True, 'pid': 3, 'hand': [['Q', 'h', 12], ['9', 'h', 9], ['8', 'c', 8], ['2', 'c', 2], ['A', 'c', 1]], 'score': 0, 'is_turn': False}]

[Tue 03/31/2015 12:45:23] Players initialized

[Tue 03/31/2015 12:45:23] [{'name': u'KP', 'ai': False, 'pid': 0, 'hand': [['J', 'c', 11], ['7', 'd', 7], ['7', 'h', 7], ['2', 's', 2], ['A', 'c', 1]], 'score': 0, 'is_turn': False, 'server': <jsocket.jsocket_base.JsonServer object at 0x7fe5d6712e90>}, {'name': 'Player 1', 'ai': True, 'pid': 1, 'hand': [['5', 'd', 5], ['4', 'h', 4], ['4', 's', 4], ['2', 'd', 2], ['A', 'd', 1]], 'score': 0, 'is_turn': False}, {'name': 'Player 2', 'ai': True, 'pid': 2, 'hand': [['T', 'd', 10], ['9', 'h', 9], ['8', 's', 8], ['8', 'c', 8], ['4', 'd', 4]], 'score': 0, 'is_turn': False}, {'name': 'Player 3', 'ai': True, 'pid': 3, 'hand': [['K', 'd', 13], ['J', 'd', 11], ['7', 'c', 7], ['6', 's', 6], ['3', 'd', 3]], 'score': 0, 'is_turn': False}]

[Tue 03/31/2015 12:46:26] Players initialized

[Tue 03/31/2015 12:46:26] [{'name': u'KP', 'ai': False, 'pid': 0, 'hand': [['J', 's', 11], ['5', 's', 5], ['4', 'c', 4], ['3', 'd', 3], ['A', 's', 1]], 'score': 0, 'is_turn': False, 'server': <jsocket.jsocket_base.JsonServer object at 0x7ff31700ce90>}, {'name': 'Player 1', 'ai': True, 'pid': 1, 'hand': [['K', 'h', 13], ['J', 'd', 11], ['6', 'c', 6], ['5', 'd', 5], ['5', 'c', 5]], 'score': 0, 'is_turn': False}, {'name': 'Player 2', 'ai': True, 'pid': 2, 'hand': [['8', 'h', 8], ['7', 'd', 7], ['6', 's', 6], ['A', 'h', 1], ['A', 'd', 1]], 'score': 0, 'is_turn': False}, {'name': 'Player 3', 'ai': True, 'pid': 3, 'hand': [['T', 's', 10], ['T', 'd', 10], ['9', 'h', 9], ['7', 's', 7], ['3', 'h', 3]], 'score': 0, 'is_turn': False}]

[Tue 03/31/2015 12:47:47] Players initialized

[Tue 03/31/2015 12:47:47] [{'name': u'KP', 'ai': False, 'pid': 0, 'hand': [['Q', 'c', 12], ['T', 'h', 10], ['7', 'd', 7], ['6', 'd', 6], ['5', 'c', 5]], 'score': 0, 'is_turn': False, 'server': <jsocket.jsocket_base.JsonServer object at 0x7f44f66cde90>}, {'name': 'Player 1', 'ai': True, 'pid': 1, 'hand': [['J', 's', 11], ['T', 'c', 10], ['5', 'd', 5], ['4', 'h', 4], ['A', 'h', 1]], 'score': 0, 'is_turn': False}, {'name': 'Player 2', 'ai': True, 'pid': 2, 'hand': [['K', 'd', 13], ['K', 's', 13], ['8', 'd', 8], ['3', 'd', 3], ['2', 'd', 2]], 'score': 0, 'is_turn': False}, {'name': 'Player 3', 'ai': True, 'pid': 3, 'hand': [['9', 's', 9], ['7', 's', 7], ['6', 'c', 6], ['4', 'd', 4], ['2', 'h', 2]], 'score': 0, 'is_turn': False}]

[Tue 03/31/2015 12:49:31] Players initialized

[Tue 03/31/2015 12:49:31] [{'name': u'KP', 'ai': False, 'pid': 0, 'hand': [['Q', 'd', 12], ['7', 'h', 7], ['6', 'h', 6], ['6', 's', 6], ['4', 'h', 4]], 'score': 0, 'is_turn': False, 'server': <jsocket.jsocket_base.JsonServer object at 0x7fe1a0a0de90>}, {'name': 'Player 1', 'ai': True, 'pid': 1, 'hand': [['K', 'h', 13], ['Q', 's', 12], ['J', 'd', 11], ['9', 'h', 9], ['7', 's', 7]], 'score': 0, 'is_turn': False}, {'name': 'Player 2', 'ai': True, 'pid': 2, 'hand': [['J', 'h', 11], ['9', 'c', 9], ['8', 'd', 8], ['2', 'h', 2], ['A', 'd', 1]], 'score': 0, 'is_turn': False}, {'name': 'Player 3', 'ai': True, 'pid': 3, 'hand': [['Q', 'c', 12], ['9', 'd', 9], ['5', 'd', 5], ['3', 'd', 3], ['A', 'c', 1]], 'score': 0, 'is_turn': False}]

[Tue 03/31/2015 12:49:58] Players initialized

[Tue 03/31/2015 12:49:58] [{'name': u'KP', 'ai': False, 'pid': 0, 'hand': [['J', 'c', 11], ['9', 'd', 9], ['5', 'd', 5], ['3', 'h', 3], ['2', 'c', 2]], 'score': 0, 'is_turn': False, 'server': <jsocket.jsocket_base.JsonServer object at 0x7ff37df48e90>}, {'name': 'Player 1', 'ai': True, 'pid': 1, 'hand': [['Q', 'h', 12], ['J', 's', 11], ['T', 'h', 10], ['8', 'd', 8], ['6', 's', 6]], 'score': 0, 'is_turn': False}, {'name': 'Player 2', 'ai': True, 'pid': 2, 'hand': [['K', 'd', 13], ['Q', 's', 12], ['T', 'c', 10], ['T', 'd', 10], ['2', 'd', 2]], 'score': 0, 'is_turn': False}, {'name': 'Player 3', 'ai': True, 'pid': 3, 'hand': [['K', 'c', 13], ['J', 'd', 11], ['7', 'c', 7], ['4', 'd', 4], ['A', 's', 1]], 'score': 0, 'is_turn': False}]

[Tue 03/31/2015 12:51:07] Players initialized

[Tue 03/31/2015 12:51:07] [{'name': u'KP', 'ai': False, 'pid': 0, 'hand': [['9', 'c', 9], ['7', 's', 7], ['5', 's', 5], ['3', 's', 3], ['2', 'c', 2]], 'score': 0, 'is_turn': False, 'server': <jsocket.jsocket_base.JsonServer object at 0x7fb74b241e90>}, {'name': 'Player 1', 'ai': True, 'pid': 1, 'hand': [['K', 'c', 13], ['Q', 's', 12], ['2', 's', 2], ['A', 'c', 1], ['A', 'h', 1]], 'score': 0, 'is_turn': False}, {'name': 'Player 2', 'ai': True, 'pid': 2, 'hand': [['K', 'd', 13], ['Q', 'd', 12], ['J', 's', 11], ['5', 'd', 5], ['4', 'c', 4]], 'score': 0, 'is_turn': False}, {'name': 'Player 3', 'ai': True, 'pid': 3, 'hand': [['J', 'd', 11], ['T', 'd', 10], ['T', 'c', 10], ['8', 'c', 8], ['4', 's', 4]], 'score': 0, 'is_turn': False}]

[Tue 03/31/2015 12:53:50] Players initialized

[Tue 03/31/2015 12:53:50] [{'name': u'kjp', 'ai': False, 'pid': 0, 'hand': [['9', 'c', 9], ['8', 's', 8], ['8', 'd', 8], ['7', 'c', 7], ['4', 's', 4]], 'score': 0, 'is_turn': False, 'server': <jsocket.jsocket_base.JsonServer object at 0x7f781917be90>}, {'name': 'Player 1', 'ai': True, 'pid': 1, 'hand': [['Q', 'h', 12], ['9', 'h', 9], ['7', 's', 7], ['4', 'd', 4], ['3', 'd', 3]], 'score': 0, 'is_turn': False}, {'name': 'Player 2', 'ai': True, 'pid': 2, 'hand': [['J', 's', 11], ['J', 'h', 11], ['9', 'd', 9], ['6', 's', 6], ['5', 'c', 5]], 'score': 0, 'is_turn': False}, {'name': 'Player 3', 'ai': True, 'pid': 3, 'hand': [['T', 'h', 10], ['T', 'c', 10], ['7', 'd', 7], ['7', 'h', 7], ['3', 'c', 3]], 'score': 0, 'is_turn': False}]

[Tue 03/31/2015 12:59:39] Players initialized

[Tue 03/31/2015 12:59:39] [{'name': u'', 'ai': False, 'pid': 0, 'hand': [['Q', 'd', 12], ['Q', 'h', 12], ['8', 'd', 8], ['3', 'c', 3], ['A', 'd', 1]], 'score': 0, 'is_turn': False, 'server': <jsocket.jsocket_base.JsonServer object at 0x7f73a36fae90>}, {'name': 'Player 1', 'ai': True, 'pid': 1, 'hand': [['Q', 'c', 12], ['5', 'c', 5], ['5', 'd', 5], ['4', 'c', 4], ['2', 'h', 2]], 'score': 0, 'is_turn': False}, {'name': 'Player 2', 'ai': True, 'pid': 2, 'hand': [['J', 'h', 11], ['T', 'd', 10], ['T', 'c', 10], ['6', 'c', 6], ['4', 'd', 4]], 'score': 0, 'is_turn': False}, {'name': 'Player 3', 'ai': True, 'pid': 3, 'hand': [['9', 'c', 9], ['9', 'h', 9], ['8', 'h', 8], ['3', 'h', 3], ['2', 'd', 2]], 'score': 0, 'is_turn': False}]

[Tue 03/31/2015 13:04:31] Players initialized

[Tue 03/31/2015 13:04:31] [{'name': u'KP', 'ai': False, 'pid': 0, 'hand': [['K', 'c', 13], ['9', 'c', 9], ['8', 'c', 8], ['5', 'd', 5], ['3', 'c', 3]], 'score': 0, 'is_turn': False, 'server': <jsocket.jsocket_base.JsonServer object at 0x7fce3d9d5e90>}, {'name': 'Player 1', 'ai': True, 'pid': 1, 'hand': [['Q', 's', 12], ['7', 'c', 7], ['6', 'd', 6], ['5', 's', 5], ['4', 'c', 4]], 'score': 0, 'is_turn': False}, {'name': 'Player 2', 'ai': True, 'pid': 2, 'hand': [['K', 'd', 13], ['J', 'h', 11], ['T', 'c', 10], ['T', 's', 10], ['9', 's', 9]], 'score': 0, 'is_turn': False}, {'name': 'Player 3', 'ai': True, 'pid': 3, 'hand': [['Q', 'h', 12], ['4', 'h', 4], ['4', 's', 4], ['A', 's', 1], ['A', 'c', 1]], 'score': 0, 'is_turn': False}]

[Tue 03/31/2015 13:10:24] Players initialized

[Tue 03/31/2015 13:10:24] [{'name': u'KJP', 'ai': False, 'pid': 0, 'hand': [['9', 'c', 9], ['4', 's', 4], ['3', 'h', 3], ['2', 's', 2], ['A', 's', 1]], 'score': 0, 'is_turn': False, 'server': <jsocket.jsocket_base.JsonServer object at 0x7f8ac48d2e90>}, {'name': 'Player 1', 'ai': True, 'pid': 1, 'hand': [['J', 'c', 11], ['T', 'c', 10], ['4', 'c', 4], ['A', 'c', 1], ['A', 'd', 1]], 'score': 0, 'is_turn': False}, {'name': 'Player 2', 'ai': True, 'pid': 2, 'hand': [['T', 'h', 10], ['7', 'c', 7], ['5', 's', 5], ['4', 'd', 4], ['4', 'h', 4]], 'score': 0, 'is_turn': False}, {'name': 'Player 3', 'ai': True, 'pid': 3, 'hand': [['K', 'h', 13], ['J', 's', 11], ['9', 'h', 9], ['6', 'h', 6], ['6', 'c', 6]], 'score': 0, 'is_turn': False}]

